<?xml version="1.0" encoding="UTF-8"?>
<!-- Generated by org.testng.reporters.JUnitReportReporter -->
<testsuite hostname="DESKTOP-UKOTUFR" failures="0" tests="1" name="MyFristTestCase" time="0.483" errors="0" timestamp="2023-10-23T13:07:37 EET" skipped="0">
  <testcase classname="MyFristTestCase" name="myFirstTest" time="0.483"/>
  <system-out/>
</testsuite> <!-- MyFristTestCase -->
